<?xml version="1.0" encoding="UTF-8"?>
<robot generator="Robot 7.2.2 (Python 3.12.10 on win32)" generated="2025-04-23T20:43:12.298039" rpa="false" schemaversion="5">
<suite id="s1" name="Editar Centro De Custos" source="c:\Users\leias\OneDrive\Qa.Academy\blacklist-academy13-front-robot\tests\editar_centro_de_custos.robot">
<test id="s1-t1" name="CT01 - Salvar Cadastro" line="8">
<kw name="Abrir Navegador" owner="editar_centro_de_custos" type="SETUP">
<kw name="Open Browser" owner="SeleniumLibrary">
<msg time="2025-04-23T20:43:12.672644" level="INFO">Opening browser 'firefox' to base url 'None'.</msg>
<arg>browser=firefox</arg>
<doc>Opens a new browser instance to the optional ``url``.</doc>
<status status="PASS" start="2025-04-23T20:43:12.671641" elapsed="6.466365"/>
</kw>
<kw name="Maximize Browser Window" owner="SeleniumLibrary">
<doc>Maximizes current browser window.</doc>
<status status="PASS" start="2025-04-23T20:43:19.138006" elapsed="0.268217"/>
</kw>
<status status="PASS" start="2025-04-23T20:43:12.668938" elapsed="6.738290"/>
</kw>
<kw name="Passo 1 - Acessar página de login" owner="editar_centro_de_custos">
<kw name="Go To" owner="SeleniumLibrary">
<msg time="2025-04-23T20:43:19.409247" level="INFO">Opening url 'https://black-list-front.qacoders.dev.br/login'</msg>
<arg>url=${URL}</arg>
<doc>Navigates the current browser window to the provided ``url``.</doc>
<status status="PASS" start="2025-04-23T20:43:19.408239" elapsed="0.841399"/>
</kw>
<status status="PASS" start="2025-04-23T20:43:19.407734" elapsed="0.843013"/>
</kw>
<kw name="Paso 2 - Preencher campos de login" owner="editar_centro_de_custos">
<kw name="Input Text" owner="SeleniumLibrary">
<msg time="2025-04-23T20:43:20.257291" level="INFO">Typing text 'sysadmin@qacoders.com' into text field 'id=email'.</msg>
<arg>id=email</arg>
<arg>${email}</arg>
<doc>Types the given ``text`` into the text field identified by ``locator``.</doc>
<status status="PASS" start="2025-04-23T20:43:20.256290" elapsed="0.123442"/>
</kw>
<kw name="Input Text" owner="SeleniumLibrary">
<msg time="2025-04-23T20:43:20.379732" level="INFO">Typing text '1234@Test' into text field 'id=password'.</msg>
<arg>id=password</arg>
<arg>${senha}</arg>
<doc>Types the given ``text`` into the text field identified by ``locator``.</doc>
<status status="PASS" start="2025-04-23T20:43:20.379732" elapsed="0.112813"/>
</kw>
<kw name="Click Button" owner="SeleniumLibrary">
<msg time="2025-04-23T20:43:20.493593" level="INFO">Clicking button 'xpath=//button[text()='Entrar']'.</msg>
<arg>xpath=//button[text()='Entrar']</arg>
<doc>Clicks the button identified by ``locator``.</doc>
<status status="PASS" start="2025-04-23T20:43:20.492545" elapsed="0.274994"/>
</kw>
<status status="PASS" start="2025-04-23T20:43:20.254284" elapsed="0.514391"/>
</kw>
<kw name="Passo 3 - Clicar em Cadastro" owner="editar_centro_de_custos">
<kw name="Wait Until Element Is Visible" owner="SeleniumLibrary">
<arg>xpath=//span[normalize-space()='Cadastros']</arg>
<arg>timeout=10s</arg>
<doc>Waits until the element ``locator`` is visible.</doc>
<status status="PASS" start="2025-04-23T20:43:20.769728" elapsed="0.419939"/>
</kw>
<kw name="Click Element" owner="SeleniumLibrary">
<msg time="2025-04-23T20:43:21.190781" level="INFO">Clicking element 'xpath=//span[normalize-space()='Cadastros']'.</msg>
<arg>xpath=//span[normalize-space()='Cadastros']</arg>
<doc>Click the element identified by ``locator``.</doc>
<status status="PASS" start="2025-04-23T20:43:21.190781" elapsed="0.226070"/>
</kw>
<kw name="Sleep" owner="BuiltIn">
<msg time="2025-04-23T20:43:22.417007" level="INFO">Slept 1 second.</msg>
<arg>1s</arg>
<doc>Pauses the test executed for the given time.</doc>
<status status="PASS" start="2025-04-23T20:43:21.416851" elapsed="1.000156"/>
</kw>
<kw name="Wait Until Element Is Visible" owner="SeleniumLibrary">
<arg>xpath=//span[normalize-space()='Centro de Custo']</arg>
<doc>Waits until the element ``locator`` is visible.</doc>
<status status="PASS" start="2025-04-23T20:43:22.417007" elapsed="0.012085"/>
</kw>
<kw name="Click Element" owner="SeleniumLibrary">
<msg time="2025-04-23T20:43:22.429092" level="INFO">Clicking element 'xpath=//span[normalize-space()='Centro de Custo']'.</msg>
<arg>xpath=//span[normalize-space()='Centro de Custo']</arg>
<doc>Click the element identified by ``locator``.</doc>
<status status="PASS" start="2025-04-23T20:43:22.429092" elapsed="0.227020"/>
</kw>
<kw name="Sleep" owner="BuiltIn">
<msg time="2025-04-23T20:43:23.657562" level="INFO">Slept 1 second.</msg>
<arg>1s</arg>
<doc>Pauses the test executed for the given time.</doc>
<status status="PASS" start="2025-04-23T20:43:22.657144" elapsed="1.000418"/>
</kw>
<status status="PASS" start="2025-04-23T20:43:20.769728" elapsed="2.887834"/>
</kw>
<kw name="Passo 4 - Clicar em Novo Cadastro" owner="editar_centro_de_custos">
<kw name="Wait Until Element Is Visible" owner="SeleniumLibrary">
<arg>locator=${botão_novo_cadastro}</arg>
<doc>Waits until the element ``locator`` is visible.</doc>
<status status="PASS" start="2025-04-23T20:43:23.659851" elapsed="0.012339"/>
</kw>
<kw name="Click Element" owner="SeleniumLibrary">
<msg time="2025-04-23T20:43:23.673818" level="INFO">Clicking element '//button[@id='Novo Cadastro']'.</msg>
<arg>locator=${botão_novo_cadastro}</arg>
<doc>Click the element identified by ``locator``.</doc>
<status status="PASS" start="2025-04-23T20:43:23.673307" elapsed="0.242106"/>
</kw>
<kw name="Sleep" owner="BuiltIn">
<msg time="2025-04-23T20:43:24.916583" level="INFO">Slept 1 second.</msg>
<arg>1s</arg>
<doc>Pauses the test executed for the given time.</doc>
<status status="PASS" start="2025-04-23T20:43:23.915413" elapsed="1.001170"/>
</kw>
<status status="PASS" start="2025-04-23T20:43:23.658579" elapsed="1.258004"/>
</kw>
<kw name="Passo 5 - Preencher Formulario de Cadastro" owner="editar_centro_de_custos">
<kw name="Generate Random String" owner="String">
<msg time="2025-04-23T20:43:24.918602" level="INFO">${palavra_randomica} = KsGdPhaYRZ</msg>
<var>${palavra_randomica}</var>
<arg>length=10</arg>
<arg>chars=[LETTERS]</arg>
<doc>Generates a string with a desired ``length`` from the given ``chars``.</doc>
<status status="PASS" start="2025-04-23T20:43:24.918602" elapsed="0.000987"/>
</kw>
<kw name="Convert To Lower Case" owner="String">
<msg time="2025-04-23T20:43:24.919589" level="INFO">${palavra_randomica} = ksgdphayrz</msg>
<var>${palavra_randomica}</var>
<arg>${palavra_randomica}</arg>
<doc>Converts string to lower case.</doc>
<status status="PASS" start="2025-04-23T20:43:24.919589" elapsed="0.000000"/>
</kw>
<kw name="Set Test Variable" owner="BuiltIn">
<msg time="2025-04-23T20:43:24.921443" level="INFO">${CENTROCUSTONOME} = ksgdphayrz</msg>
<arg>${CENTROCUSTONOME}</arg>
<arg>${palavra_randomica}</arg>
<doc>Makes a variable available everywhere within the scope of the current test.</doc>
<status status="PASS" start="2025-04-23T20:43:24.920924" elapsed="0.000519"/>
</kw>
<kw name="Log" owner="BuiltIn">
<msg time="2025-04-23T20:43:24.922463" level="INFO">ksgdphayrz</msg>
<arg>${CENTROCUSTONOME}</arg>
<doc>Logs the given message with the given level.</doc>
<status status="PASS" start="2025-04-23T20:43:24.921443" elapsed="0.001020"/>
</kw>
<kw name="Input Text" owner="SeleniumLibrary">
<msg time="2025-04-23T20:43:24.922463" level="INFO">Typing text 'ksgdphayrz' into text field 'id=costCentername'.</msg>
<arg>id=costCentername</arg>
<arg>${CENTROCUSTONOME}</arg>
<doc>Types the given ``text`` into the text field identified by ``locator``.</doc>
<status status="PASS" start="2025-04-23T20:43:24.922463" elapsed="0.064049"/>
</kw>
<status status="PASS" start="2025-04-23T20:43:24.917851" elapsed="0.068661"/>
</kw>
<kw name="Passo 6 - Salvar Cadastro" owner="editar_centro_de_custos">
<kw name="Click Button" owner="SeleniumLibrary">
<msg time="2025-04-23T20:43:24.989021" level="INFO">Clicking button '//button[@id='save']'.</msg>
<arg>locator=//button[@id='save']</arg>
<doc>Clicks the button identified by ``locator``.</doc>
<status status="PASS" start="2025-04-23T20:43:24.987514" elapsed="0.260828"/>
</kw>
<status status="PASS" start="2025-04-23T20:43:24.987514" elapsed="0.260828"/>
</kw>
<kw name="Passo 6.1 - Validação de Mensagem" owner="editar_centro_de_custos">
<kw name="Passo 4 - Clicar em Novo Cadastro" owner="editar_centro_de_custos">
<kw name="Wait Until Element Is Visible" owner="SeleniumLibrary">
<arg>locator=${botão_novo_cadastro}</arg>
<doc>Waits until the element ``locator`` is visible.</doc>
<status status="PASS" start="2025-04-23T20:43:25.250370" elapsed="0.013072"/>
</kw>
<kw name="Click Element" owner="SeleniumLibrary">
<msg time="2025-04-23T20:43:25.263442" level="INFO">Clicking element '//button[@id='Novo Cadastro']'.</msg>
<arg>locator=${botão_novo_cadastro}</arg>
<doc>Click the element identified by ``locator``.</doc>
<status status="PASS" start="2025-04-23T20:43:25.263442" elapsed="0.230192"/>
</kw>
<kw name="Sleep" owner="BuiltIn">
<msg time="2025-04-23T20:43:26.494161" level="INFO">Slept 1 second.</msg>
<arg>1s</arg>
<doc>Pauses the test executed for the given time.</doc>
<status status="PASS" start="2025-04-23T20:43:25.493634" elapsed="1.000527"/>
</kw>
<status status="PASS" start="2025-04-23T20:43:25.250370" elapsed="1.243791"/>
</kw>
<kw name="Input Text" owner="SeleniumLibrary">
<msg time="2025-04-23T20:43:26.495379" level="INFO">Typing text 'pop' into text field 'id=costCentername'.</msg>
<arg>id=costCentername</arg>
<arg>pop</arg>
<doc>Types the given ``text`` into the text field identified by ``locator``.</doc>
<status status="PASS" start="2025-04-23T20:43:26.494161" elapsed="0.024232"/>
</kw>
<kw name="Passo 6 - Salvar Cadastro" owner="editar_centro_de_custos">
<kw name="Click Button" owner="SeleniumLibrary">
<msg time="2025-04-23T20:43:26.519401" level="INFO">Clicking button '//button[@id='save']'.</msg>
<arg>locator=//button[@id='save']</arg>
<doc>Clicks the button identified by ``locator``.</doc>
<status status="PASS" start="2025-04-23T20:43:26.519401" elapsed="0.234803"/>
</kw>
<status status="PASS" start="2025-04-23T20:43:26.519401" elapsed="0.234803"/>
</kw>
<kw name="Wait Until Element Is Visible" owner="SeleniumLibrary">
<arg>//div[@class='MuiAlert-message css-1xsto0d']</arg>
<doc>Waits until the element ``locator`` is visible.</doc>
<status status="PASS" start="2025-04-23T20:43:26.754204" elapsed="0.011691"/>
</kw>
<kw name="Wait Until Page Contains" owner="SeleniumLibrary">
<arg>Não é possível salvar esse registro. Centro de custos já cadastrado no sistema.</arg>
<doc>Waits until ``text`` appears on the current page.</doc>
<status status="PASS" start="2025-04-23T20:43:26.766901" elapsed="0.004534"/>
</kw>
<status status="PASS" start="2025-04-23T20:43:25.249348" elapsed="1.522087"/>
</kw>
<kw name="Passo 7 - Fechar Navegador" owner="editar_centro_de_custos">
<kw name="Close Browser" owner="SeleniumLibrary">
<doc>Closes the current browser.</doc>
<status status="PASS" start="2025-04-23T20:43:26.772439" elapsed="2.854392"/>
</kw>
<status status="PASS" start="2025-04-23T20:43:26.771435" elapsed="2.855396"/>
</kw>
<status status="PASS" start="2025-04-23T20:43:12.667933" elapsed="16.958898"/>
</test>
<status status="PASS" start="2025-04-23T20:43:12.305237" elapsed="17.324099"/>
</suite>
<statistics>
<total>
<stat pass="1" fail="0" skip="0">All Tests</stat>
</total>
<tag>
</tag>
<suite>
<stat name="Editar Centro De Custos" id="s1" pass="1" fail="0" skip="0">Editar Centro De Custos</stat>
</suite>
</statistics>
<errors>
</errors>
</robot>
